\BOOKMARK [1][-]{section.1}{\376\377\000I\000n\000t\000r\000o\000d\000u\000c\000t\000i\000o\000n}{}% 1
\BOOKMARK [1][-]{section.2}{\376\377\000C\000r\000o\000p\000\040\000g\000r\000o\000w\000t\000h\000\040\000m\000o\000d\000e\000l}{}% 2
\BOOKMARK [2][-]{subsection.2.1}{\376\377\000L\000o\000g\000i\000s\000t\000i\000c\000\040\000g\000r\000o\000w\000t\000h\000\040\000d\000y\000n\000a\000m\000i\000c\000s}{section.2}% 3
\BOOKMARK [2][-]{subsection.2.2}{\376\377\000D\000e\000l\000a\000y\000e\000d\000\040\000a\000b\000s\000o\000r\000p\000t\000i\000o\000n\000\040\000v\000i\000a\000\040\000F\000I\000R\000\040\000c\000o\000n\000v\000o\000l\000u\000t\000i\000o\000n}{section.2}% 4
\BOOKMARK [2][-]{subsection.2.3}{\376\377\000C\000u\000m\000u\000l\000a\000t\000i\000v\000e\000\040\000s\000t\000r\000e\000s\000s\000\040\000t\000r\000a\000c\000k\000i\000n\000g}{section.2}% 5
\BOOKMARK [2][-]{subsection.2.4}{\376\377\000N\000u\000t\000r\000i\000e\000n\000t\000\040\000f\000a\000c\000t\000o\000r\000s}{section.2}% 6
\BOOKMARK [1][-]{section.3}{\376\377\000S\000t\000o\000c\000h\000a\000s\000t\000i\000c\000\040\000w\000e\000a\000t\000h\000e\000r\000\040\000s\000c\000e\000n\000a\000r\000i\000o\000\040\000g\000e\000n\000e\000r\000a\000t\000i\000o\000n}{}% 7
\BOOKMARK [2][-]{subsection.3.1}{\376\377\000G\000e\000n\000e\000r\000a\000t\000i\000o\000n\000\040\000p\000r\000o\000c\000e\000s\000s}{section.3}% 8
\BOOKMARK [3][-]{subsubsection.3.1.1}{\376\377\000G\000l\000o\000b\000a\000l\000\040\000s\000c\000a\000l\000i\000n\000g\000\040\000a\000n\000d\000\040\000o\000f\000f\000s\000e\000t}{subsection.3.1}% 9
\BOOKMARK [3][-]{subsubsection.3.1.2}{\376\377\000A\000d\000d\000\040\000w\000h\000i\000t\000e\000\040\000n\000o\000i\000s\000e}{subsection.3.1}% 10
\BOOKMARK [3][-]{subsubsection.3.1.3}{\376\377\000D\000r\000o\000u\000g\000h\000t\000\040\000i\000n\000j\000e\000c\000t\000i\000o\000n}{subsection.3.1}% 11
\BOOKMARK [3][-]{subsubsection.3.1.4}{\376\377\000H\000e\000a\000t\000\040\000w\000a\000v\000e\000\040\000i\000n\000j\000e\000c\000t\000i\000o\000n}{subsection.3.1}% 12
\BOOKMARK [3][-]{subsubsection.3.1.5}{\376\377\000C\000o\000l\000d\000\040\000s\000n\000a\000p\000\040\000i\000n\000j\000e\000c\000t\000i\000o\000n}{subsection.3.1}% 13
\BOOKMARK [3][-]{subsubsection.3.1.6}{\376\377\000C\000l\000i\000p\000p\000i\000n\000g\000\040\000t\000o\000\040\000p\000h\000y\000s\000i\000c\000a\000l\000\040\000b\000o\000u\000n\000d\000s}{subsection.3.1}% 14
\BOOKMARK [2][-]{subsection.3.2}{\376\377\000E\000x\000t\000r\000e\000m\000i\000t\000y\000\040\000i\000n\000d\000e\000x}{section.3}% 15
\BOOKMARK [1][-]{section.4}{\376\377\000M\000o\000d\000e\000l\000\040\000p\000r\000e\000d\000i\000c\000t\000i\000v\000e\000\040\000c\000o\000n\000t\000r\000o\000l}{}% 16
\BOOKMARK [2][-]{subsection.4.1}{\376\377\000C\000o\000n\000s\000t\000r\000a\000i\000n\000e\000d\000\040\000f\000i\000n\000i\000t\000e\000-\000t\000i\000m\000e\000\040\000o\000p\000t\000i\000m\000a\000l\000\040\000c\000o\000n\000t\000r\000o\000l}{section.4}% 17
\BOOKMARK [2][-]{subsection.4.2}{\376\377\000S\000o\000l\000u\000t\000i\000o\000n\000\040\000m\000e\000t\000h\000o\000d}{section.4}% 18
\BOOKMARK [2][-]{subsection.4.3}{\376\377\000R\000e\000c\000e\000d\000i\000n\000g\000-\000h\000o\000r\000i\000z\000o\000n\000\040\000a\000l\000g\000o\000r\000i\000t\000h\000m}{section.4}% 19
\BOOKMARK [2][-]{subsection.4.4}{\376\377\000F\000e\000e\000d\000b\000a\000c\000k\000\040\000p\000r\000o\000p\000e\000r\000t\000i\000e\000s}{section.4}% 20
\BOOKMARK [1][-]{section.5}{\376\377\000B\000a\000y\000e\000s\000i\000a\000n\000\040\000o\000p\000t\000i\000m\000i\000z\000a\000t\000i\000o\000n\000\040\000f\000o\000r\000\040\000M\000P\000C\000\040\000p\000a\000r\000a\000m\000e\000t\000e\000r\000\040\000t\000u\000n\000i\000n\000g}{}% 21
\BOOKMARK [2][-]{subsection.5.1}{\376\377\000B\000a\000y\000e\000s\000i\000a\000n\000\040\000o\000p\000t\000i\000m\000i\000z\000a\000t\000i\000o\000n\000\040\000o\000v\000e\000r\000v\000i\000e\000w}{section.5}% 22
\BOOKMARK [2][-]{subsection.5.2}{\376\377\000K\000e\000r\000n\000e\000l\000\040\000d\000e\000n\000s\000i\000t\000y\000\040\000e\000s\000t\000i\000m\000a\000t\000i\000o\000n}{section.5}% 23
\BOOKMARK [2][-]{subsection.5.3}{\376\377\000S\000e\000a\000r\000c\000h\000\040\000s\000p\000a\000c\000e}{section.5}% 24
\BOOKMARK [2][-]{subsection.5.4}{\376\377\000R\000o\000b\000u\000s\000t\000\040\000o\000p\000t\000i\000m\000i\000z\000a\000t\000i\000o\000n\000\040\000o\000b\000j\000e\000c\000t\000i\000v\000e}{section.5}% 25
\BOOKMARK [2][-]{subsection.5.5}{\376\377\000T\000P\000E\000\040\000a\000l\000g\000o\000r\000i\000t\000h\000m}{section.5}% 26
\BOOKMARK [1][-]{section.6}{\376\377\000C\000a\000s\000e\000\040\000s\000t\000u\000d\000y\000:\000\040\000c\000o\000r\000n\000\040\000i\000n\000\040\000i\000o\000w\000a}{}% 27
\BOOKMARK [2][-]{subsection.6.1}{\376\377\000S\000c\000e\000n\000a\000r\000i\000o\000\040\000c\000o\000n\000f\000i\000g\000u\000r\000a\000t\000i\000o\000n}{section.6}% 28
\BOOKMARK [2][-]{subsection.6.2}{\376\377\000T\000h\000r\000e\000e\000\040\000s\000t\000r\000a\000t\000e\000g\000i\000e\000s\000\040\000f\000o\000r\000\040\000c\000o\000m\000p\000a\000r\000i\000s\000o\000n}{section.6}% 29
\BOOKMARK [2][-]{subsection.6.3}{\376\377\000M\000P\000C\000\040\000c\000o\000n\000f\000i\000g\000u\000r\000a\000t\000i\000o\000n}{section.6}% 30
\BOOKMARK [2][-]{subsection.6.4}{\376\377\000W\000e\000a\000t\000h\000e\000r\000\040\000s\000c\000e\000n\000a\000r\000i\000o\000\040\000s\000u\000i\000t\000e}{section.6}% 31
\BOOKMARK [2][-]{subsection.6.5}{\376\377\000R\000e\000s\000u\000l\000t\000s}{section.6}% 32
\BOOKMARK [2][-]{subsection.6.6}{\376\377\000P\000e\000r\000f\000o\000r\000m\000a\000n\000c\000e\000\040\000b\000y\000\040\000w\000e\000a\000t\000h\000e\000r\000\040\000t\000y\000p\000e}{section.6}% 33
\BOOKMARK [2][-]{subsection.6.7}{\376\377\000V\000a\000r\000i\000a\000n\000c\000e\000\040\000a\000n\000d\000\040\000r\000i\000s\000k\000\040\000a\000n\000a\000l\000y\000s\000i\000s}{section.6}% 34
\BOOKMARK [2][-]{subsection.6.8}{\376\377\000R\000e\000s\000o\000u\000r\000c\000e\000\040\000u\000s\000a\000g\000e\000\040\000p\000a\000t\000t\000e\000r\000n\000s}{section.6}% 35
\BOOKMARK [1][-]{section.7}{\376\377\000D\000i\000s\000c\000u\000s\000s\000i\000o\000n}{}% 36
\BOOKMARK [2][-]{subsection.7.1}{\376\377\000I\000n\000t\000e\000r\000p\000r\000e\000t\000a\000t\000i\000o\000n\000\040\000o\000f\000\040\000r\000e\000s\000u\000l\000t\000s}{section.7}% 37
\BOOKMARK [2][-]{subsection.7.2}{\376\377\000C\000o\000m\000p\000u\000t\000a\000t\000i\000o\000n\000a\000l\000\040\000c\000o\000n\000s\000i\000d\000e\000r\000a\000t\000i\000o\000n\000s}{section.7}% 38
\BOOKMARK [2][-]{subsection.7.3}{\376\377\000L\000i\000m\000i\000t\000a\000t\000i\000o\000n\000s\000\040\000a\000n\000d\000\040\000e\000x\000t\000e\000n\000s\000i\000o\000n\000s}{section.7}% 39
\BOOKMARK [1][-]{section.8}{\376\377\000C\000o\000n\000c\000l\000u\000s\000i\000o\000n}{}% 40
